app/build/intermediates/manifest_merge_blame_file/debug/processDebugMainManifest/manifest-merger-blame-debug-report.txt
1<?xml version="1.0" encoding="utf-8"?>
2<manifest xmlns:android="http://schemas.android.com/apk/res/android"
3    package="com.ecostay"
4    android:versionCode="1"
5    android:versionName="1.0" >
6
7    <uses-sdk
8        android:minSdkVersion="24"
9        android:targetSdkVersion="34" />
10
11    <!-- Notification permissions -->
12    <uses-permission android:name="android.permission.POST_NOTIFICATIONS" />
12-->src\main\AndroidManifest.xml:4:5-77
12-->src\main\AndroidManifest.xml:4:22-74
13
14    <permission
14-->[androidx.core:core:1.13.0] AndroidManifest.xml:22:5-24:47
15        android:name="com.ecostay.DYNAMIC_RECEIVER_NOT_EXPORTED_PERMISSION"
15-->[androidx.core:core:1.13.0] AndroidManifest.xml:23:9-81
16        android:protectionLevel="signature" />
16-->[androidx.core:core:1.13.0] AndroidManifest.xml:24:9-44
17
18    <uses-permission android:name="com.ecostay.DYNAMIC_RECEIVER_NOT_EXPORTED_PERMISSION" />
18-->[androidx.core:core:1.13.0] AndroidManifest.xml:26:5-97
18-->[androidx.core:core:1.13.0] AndroidManifest.xml:26:22-94
19
20    <application
20-->src\main\AndroidManifest.xml:6:5-35:19
21        android:allowBackup="true"
21-->src\main\AndroidManifest.xml:7:9-35
22        android:appComponentFactory="androidx.core.app.CoreComponentFactory"
22-->[androidx.core:core:1.13.0] AndroidManifest.xml:28:18-86
23        android:debuggable="true"
24        android:extractNativeLibs="false"
25        android:icon="@mipmap/ic_launcher"
25-->src\main\AndroidManifest.xml:8:9-43
26        android:label="EcoStay Retreat"
26-->src\main\AndroidManifest.xml:10:9-40
27        android:roundIcon="@mipmap/ic_launcher_round"
27-->src\main\AndroidManifest.xml:9:9-54
28        android:supportsRtl="true"
28-->src\main\AndroidManifest.xml:11:9-35
29        android:testOnly="true"
30        android:theme="@style/AppTheme" > <!-- Updated theme -->
30-->src\main\AndroidManifest.xml:12:9-40
31
32
33        <!-- Main Activity -->
34        <activity
34-->src\main\AndroidManifest.xml:15:9-20:20
35            android:name="com.ecostay.ui.MainActivity"
35-->src\main\AndroidManifest.xml:15:19-50
36            android:exported="true" >
36-->src\main\AndroidManifest.xml:15:51-74
37            <intent-filter>
37-->src\main\AndroidManifest.xml:16:13-19:29
38                <action android:name="android.intent.action.MAIN" />
38-->src\main\AndroidManifest.xml:17:17-69
38-->src\main\AndroidManifest.xml:17:25-66
39
40                <category android:name="android.intent.category.LAUNCHER" />
40-->src\main\AndroidManifest.xml:18:17-77
40-->src\main\AndroidManifest.xml:18:27-74
41            </intent-filter>
42        </activity>
43
44        <!-- Other Activities -->
45        <activity
45-->src\main\AndroidManifest.xml:23:9-83
46            android:name="com.ecostay.ui.auth.LoginActivity"
46-->src\main\AndroidManifest.xml:23:19-56
47            android:exported="false" />
47-->src\main\AndroidManifest.xml:23:57-81
48        <activity
48-->src\main\AndroidManifest.xml:24:9-89
49            android:name="com.ecostay.ui.auth.SimpleLoginActivity"
49-->src\main\AndroidManifest.xml:24:19-62
50            android:exported="false" />
50-->src\main\AndroidManifest.xml:24:63-87
51        <activity
51-->src\main\AndroidManifest.xml:25:9-87
52            android:name="com.ecostay.ui.auth.TestLoginActivity"
52-->src\main\AndroidManifest.xml:25:19-60
53            android:exported="false" />
53-->src\main\AndroidManifest.xml:25:61-85
54        <activity
54-->src\main\AndroidManifest.xml:26:9-86
55            android:name="com.ecostay.ui.auth.RegisterActivity"
55-->src\main\AndroidManifest.xml:26:19-59
56            android:exported="false" />
56-->src\main\AndroidManifest.xml:26:60-84
57        <activity
57-->src\main\AndroidManifest.xml:27:9-85
58            android:name="com.ecostay.ui.auth.ProfileActivity"
58-->src\main\AndroidManifest.xml:27:19-58
59            android:exported="false" />
59-->src\main\AndroidManifest.xml:27:59-83
60        <activity
60-->src\main\AndroidManifest.xml:28:9-87
61            android:name="com.ecostay.ui.rooms.RoomListActivity"
61-->src\main\AndroidManifest.xml:28:19-60
62            android:exported="false" />
62-->src\main\AndroidManifest.xml:28:61-85
63        <activity
63-->src\main\AndroidManifest.xml:29:9-89
64            android:name="com.ecostay.ui.rooms.RoomDetailActivity"
64-->src\main\AndroidManifest.xml:29:19-62
65            android:exported="false" />
65-->src\main\AndroidManifest.xml:29:63-87
66        <activity
66-->src\main\AndroidManifest.xml:30:9-96
67            android:name="com.ecostay.ui.activities.ActivityListActivity"
67-->src\main\AndroidManifest.xml:30:19-69
68            android:exported="false" />
68-->src\main\AndroidManifest.xml:30:70-94
69        <activity
69-->src\main\AndroidManifest.xml:31:9-99
70            android:name="com.ecostay.ui.activities.ActivityReserveActivity"
70-->src\main\AndroidManifest.xml:31:19-72
71            android:exported="false" />
71-->src\main\AndroidManifest.xml:31:73-97
72        <activity
72-->src\main\AndroidManifest.xml:32:9-82
73            android:name="com.ecostay.ui.info.InfoActivity"
73-->src\main\AndroidManifest.xml:32:19-55
74            android:exported="false" />
74-->src\main\AndroidManifest.xml:32:56-80
75        <activity
75-->src\main\AndroidManifest.xml:33:9-92
76            android:name="com.ecostay.ui.auth.BookingHistoryActivity"
76-->src\main\AndroidManifest.xml:33:19-65
77            android:exported="false" />
77-->src\main\AndroidManifest.xml:33:66-90
78
79        <provider
79-->[androidx.emoji2:emoji2:1.3.0] AndroidManifest.xml:24:9-32:20
80            android:name="androidx.startup.InitializationProvider"
80-->[androidx.emoji2:emoji2:1.3.0] AndroidManifest.xml:25:13-67
81            android:authorities="com.ecostay.androidx-startup"
81-->[androidx.emoji2:emoji2:1.3.0] AndroidManifest.xml:26:13-68
82            android:exported="false" >
82-->[androidx.emoji2:emoji2:1.3.0] AndroidManifest.xml:27:13-37
83            <meta-data
83-->[androidx.emoji2:emoji2:1.3.0] AndroidManifest.xml:29:13-31:52
84                android:name="androidx.emoji2.text.EmojiCompatInitializer"
84-->[androidx.emoji2:emoji2:1.3.0] AndroidManifest.xml:30:17-75
85                android:value="androidx.startup" />
85-->[androidx.emoji2:emoji2:1.3.0] AndroidManifest.xml:31:17-49
86            <meta-data
86-->[androidx.lifecycle:lifecycle-process:2.6.2] AndroidManifest.xml:29:13-31:52
87                android:name="androidx.lifecycle.ProcessLifecycleInitializer"
87-->[androidx.lifecycle:lifecycle-process:2.6.2] AndroidManifest.xml:30:17-78
88                android:value="androidx.startup" />
88-->[androidx.lifecycle:lifecycle-process:2.6.2] AndroidManifest.xml:31:17-49
89            <meta-data
89-->[androidx.profileinstaller:profileinstaller:1.4.0] AndroidManifest.xml:29:13-31:52
90                android:name="androidx.profileinstaller.ProfileInstallerInitializer"
90-->[androidx.profileinstaller:profileinstaller:1.4.0] AndroidManifest.xml:30:17-85
91                android:value="androidx.startup" />
91-->[androidx.profileinstaller:profileinstaller:1.4.0] AndroidManifest.xml:31:17-49
92        </provider>
93
94        <receiver
94-->[androidx.profileinstaller:profileinstaller:1.4.0] AndroidManifest.xml:34:9-52:20
95            android:name="androidx.profileinstaller.ProfileInstallReceiver"
95-->[androidx.profileinstaller:profileinstaller:1.4.0] AndroidManifest.xml:35:13-76
96            android:directBootAware="false"
96-->[androidx.profileinstaller:profileinstaller:1.4.0] AndroidManifest.xml:36:13-44
97            android:enabled="true"
97-->[androidx.profileinstaller:profileinstaller:1.4.0] AndroidManifest.xml:37:13-35
98            android:exported="true"
98-->[androidx.profileinstaller:profileinstaller:1.4.0] AndroidManifest.xml:38:13-36
99            android:permission="android.permission.DUMP" >
99-->[androidx.profileinstaller:profileinstaller:1.4.0] AndroidManifest.xml:39:13-57
100            <intent-filter>
100-->[androidx.profileinstaller:profileinstaller:1.4.0] AndroidManifest.xml:40:13-42:29
101                <action android:name="androidx.profileinstaller.action.INSTALL_PROFILE" />
101-->[androidx.profileinstaller:profileinstaller:1.4.0] AndroidManifest.xml:41:17-91
101-->[androidx.profileinstaller:profileinstaller:1.4.0] AndroidManifest.xml:41:25-88
102            </intent-filter>
103            <intent-filter>
103-->[androidx.profileinstaller:profileinstaller:1.4.0] AndroidManifest.xml:43:13-45:29
104                <action android:name="androidx.profileinstaller.action.SKIP_FILE" />
104-->[androidx.profileinstaller:profileinstaller:1.4.0] AndroidManifest.xml:44:17-85
104-->[androidx.profileinstaller:profileinstaller:1.4.0] AndroidManifest.xml:44:25-82
105            </intent-filter>
106            <intent-filter>
106-->[androidx.profileinstaller:profileinstaller:1.4.0] AndroidManifest.xml:46:13-48:29
107                <action android:name="androidx.profileinstaller.action.SAVE_PROFILE" />
107-->[androidx.profileinstaller:profileinstaller:1.4.0] AndroidManifest.xml:47:17-88
107-->[androidx.profileinstaller:profileinstaller:1.4.0] AndroidManifest.xml:47:25-85
108            </intent-filter>
109            <intent-filter>
109-->[androidx.profileinstaller:profileinstaller:1.4.0] AndroidManifest.xml:49:13-51:29
110                <action android:name="androidx.profileinstaller.action.BENCHMARK_OPERATION" />
110-->[androidx.profileinstaller:profileinstaller:1.4.0] AndroidManifest.xml:50:17-95
110-->[androidx.profileinstaller:profileinstaller:1.4.0] AndroidManifest.xml:50:25-92
111            </intent-filter>
112        </receiver>
113    </application>
114
115</manifest>